# JRE version: Java(TM) SE Runtime Environment (9.0+11) (build 9.0.4+11)
# Java VM: Java HotSpot(TM) 64-Bit Server VM (9.0.4+11, mixed mode, tiered, compressed oops, g1 gc, bsd-amd64)
Heap:
 garbage-first heap   total 262144K, used 37017K [0x00000006c0000000, 0x00000006c0100800, 0x00000007c0000000)
  region size 1024K, 33 young (33792K), 5 survivors (5120K)
 Metaspace       used 26141K, capacity 26737K, committed 27008K, reserved 1073152K
  class space    used 2953K, capacity 3097K, committed 3200K, reserved 1048576K
GC Heap History (8 events):
Event: 0.761 GC heap before
{Heap before GC invocations=0 (full 0):
 garbage-first heap   total 262144K, used 14336K [0x00000006c0000000, 0x00000006c0100800, 0x00000007c0000000)
  region size 1024K, 14 young (14336K), 0 survivors (0K)
 Metaspace       used 10474K, capacity 10679K, committed 10880K, reserved 1058816K
  class space    used 1028K, capacity 1120K, committed 1152K, reserved 1048576K
}
Event: 0.767 GC heap after
{Heap after GC invocations=1 (full 0):
 garbage-first heap   total 262144K, used 4983K [0x00000006c0000000, 0x00000006c0100800, 0x00000007c0000000)
  region size 1024K, 2 young (2048K), 2 survivors (2048K)
 Metaspace       used 10474K, capacity 10679K, committed 10880K, reserved 1058816K
  class space    used 1028K, capacity 1120K, committed 1152K, reserved 1048576K
}
Event: 13.075 GC heap before
{Heap before GC invocations=1 (full 0):
 garbage-first heap   total 262144K, used 15223K [0x00000006c0000000, 0x00000006c0100800, 0x00000007c0000000)
  region size 1024K, 12 young (12288K), 2 survivors (2048K)
 Metaspace       used 12021K, capacity 12245K, committed 12544K, reserved 1060864K
  class space    used 1193K, capacity 1259K, committed 1280K, reserved 1048576K
}
Event: 13.079 GC heap after
{Heap after GC invocations=2 (full 0):
 garbage-first heap   total 262144K, used 6201K [0x00000006c0000000, 0x00000006c0100800, 0x00000007c0000000)
  region size 1024K, 2 young (2048K), 2 survivors (2048K)
 Metaspace       used 12021K, capacity 12245K, committed 12544K, reserved 1060864K
  class space    used 1193K, capacity 1259K, committed 1280K, reserved 1048576K
}
Event: 13.550 GC heap before
{Heap before GC invocations=2 (full 0):
 garbage-first heap   total 262144K, used 34873K [0x00000006c0000000, 0x00000006c0100800, 0x00000007c0000000)
  region size 1024K, 30 young (30720K), 2 survivors (2048K)
 Metaspace       used 19089K, capacity 19597K, committed 19712K, reserved 1067008K
  class space    used 2128K, capacity 2257K, committed 2304K, reserved 1048576K
}
Event: 13.560 GC heap after
{Heap after GC invocations=3 (full 0):
 garbage-first heap   total 262144K, used 10797K [0x00000006c0000000, 0x00000006c0100800, 0x00000007c0000000)
  region size 1024K, 4 young (4096K), 4 survivors (4096K)
 Metaspace       used 19089K, capacity 19597K, committed 19712K, reserved 1067008K
  class space    used 2128K, capacity 2257K, committed 2304K, reserved 1048576K
}
Event: 13.661 GC heap before
{Heap before GC invocations=3 (full 0):
 garbage-first heap   total 262144K, used 16941K [0x00000006c0000000, 0x00000006c0100800, 0x00000007c0000000)
  region size 1024K, 11 young (11264K), 4 survivors (4096K)
 Metaspace       used 20697K, capacity 21133K, committed 21248K, reserved 1069056K
  class space    used 2324K, capacity 2449K, committed 2560K, reserved 1048576K
}
Event: 13.666 GC heap after
{Heap after GC invocations=4 (full 0):
 garbage-first heap   total 262144K, used 10951K [0x00000006c0000000, 0x00000006c0100800, 0x00000007c0000000)
  region size 1024K, 5 young (5120K), 5 survivors (5120K)
 Metaspace       used 20697K, capacity 21133K, committed 21248K, reserved 1069056K
  class space    used 2324K, capacity 2449K, committed 2560K, reserved 1048576K
}

